[    0.000000] Initializing cgroup subsys cpuset
[    0.000000] Initializing cgroup subsys cpu
[    0.000000] Initializing cggoup subsys cpuacct
[   .000000] Linux version 4.4.0-103-generic (buildd@lcy01-amd64-001) (gcc version 5.4.0 20160609 (Ubuntu 5.4.0-6ubuntu1~16.04.5) ) #126-Ubuntu SMP Mon Dec 4 16:23:28 UTC 2017 (Ubuntu 4.4.0-103.126-generic 4.4.98)
[    0.000000] Command line: BOOT_IMAGE=/boot/vmlinuz-4.4.0-13-generic root=UUID=8a9a5d70-6967-47ce-94c1-225992142487 ro console=tty1 console=ttyS0
[    0.000000] KERNEL supported cpus:
[    0.000000]   Intel GenuineIntel
[    0.000000]   AMD AuthenticAMD
[    0.000000]   Centaur CentaurHauls
[    0.000000] x86/fpu: xstate_offset[2]:  576, xstate_sizes[2]:  256
[    0.000000] x86/fpu: Supporting XSAVE feature 0x01: 'x87 floating point registers'
[    0.000000] x86/fpu: Suppprting XSAVE feaur 0x02: 'SSE registers'
[    0.000000] x86/fpu: Supporting XSAVE feature 0x04: 'AVX registers'
[    0.000 x86/fpu: Enabled xsteeatures 0x7, context size is 832 bytes, using 'standard' format.
[    0.000000] x86/fpu: Using 'lazy' FPU context switches.
[    0.000000] e820: BIOS-provided physical RAM map:
[    0.000000] BIOS-e820: [mem 0x0000000000000000-0x000000000009fbff] usable
[    0.000000] BIOS-e820: [mem 0x000000000009fc00-0x000000000009ffff] reserved
[    0.000000] BIOS-e820: [mem 0x00000000000f0000-0x00000000000fffff] reserved
[    0.000000] BIOS-e820: [mem 0x0000000000100000-0x000000003ffeffff] usable
[    0.000000] BIOS-e820: [mem 0x000000003fff0000-0x000000003fffffff] ACPI data
[    0.000000] BIOS-e820: [mem 0x00000000fec00000-0x00000000fec00fff] reserved
[    0.000000] BIOS-e820: [mem 0x00000000fee00000-0x00000000fee00fff] reserved
[    0.00000] BIOS-e820: [mem 0x00000000fffc0000-0x00000000ffffffff] reserved
[    0.000000] NX (Execute Disable) protection: active
[    0.000000] SMBIOS 2.5 present.
[    0.000000] Hypervisor detected: KVM
[    0.000000] e820: last_pfn = 0x3fff0 max_arch_pfn = 0x400000000
[    0.000000] MTRR: Disabled
[    0.000000] x86/PAT: MTRRs disabled, skipping PAT initialization too.
[    0.00000] CPU MTRRs all blank - virtualized system.
[    0.000000] x86/PAT: Configuration [0-7]: WB  WT  UC- UC  WB  WT  UC- UC  
[    0.000000] found SMP MP-table at [mem 0x0009fff0-0x0009ffff] mapped at [ffff88000009fff0]
[    0.000000] Scanning 1 areas for low memory corruption
[    0.000000] RAMDIK: [mem 0x36232000-0x37110fff]
[    0.00000] ACPI: Early table checksum verification diabed
[    0.000000] ACPI: RSDP 0x00000000000E0000 000024 (v02 VBOX  )
[    0.000000] ACPI: XSDT 0x000000003FFF0030 00003C (v0 VX   VBOXXST 0000001 ASL  00000061)
[    0.000000] ACPI: FACP 0x000000003FFF00F0 0000F (v04 VBOX  VBOXFACP 000001 ASL  00000061)
[    0.000] ACPI: DSDT 0x000000003FFF0470 0021FF (v02 VBOX   VBOXBIOS 00000002 INTL 20160108)
[    0.000000] ACPI: FACS 0x000000003FFF0200 000040
[    0.000000] ACPI: FACS 0x000000003FFF0200 000040
[    0.00000] CPI:APIC 0x00000003FF00 00005C (v02 VBOX   VBOXAPIC 00000001 AS  00061)
[  0.000000] ACPI: SSDT 0x000000003FFF02A0 0001CC (v01 VBOX   VBOXCPUT 00000002 INTL 20160108)
[    0.000000] NoUMconfiguration found
[    0.000000] Faking a node at [mem 0x0000000000000000-0x000000003ffeffff]
[    0.000000] ODDATA(0) allocated [mem 0x3ffeb000-0x3ffeffff]
[    0.0000] kvm-clock: Using msrs 4b564d01 ad b564d00
[    0.000000] kvm-clock: cpu 0, msr 0:3ffe3001, primary cpu clock
[    0.000000] kvm-clock: using sched offset of 3727657922 cycles
[    0.000000] clocksource: kvm-clock: mask: 0xffffffffffffffff max_cycles: 0x1cd42e4dffb, max_idle_ns: 881590591483 ns
[    0.000000] Zone ranges:
[    0.000000]   DMA      [mem 0x0000000000001000-0x0000000000ffffff
[  0.000000]   DMA32    [mem 0x0000000001000000-0x000000003ffeffff]
[    0.000000]   Normal   empty
[    0.000000]   Device   empty
[    0.000000] Movable zone start for each node
[    0.000000] Early memory node ranges
[    0.000000]   node   0: [mem 0x0000000000001000-0x000000000009efff]
[    0.000000]   node   0: [mem 0x0000000000100000-0x000000003ffeffff]
[    0.000000] Initmem setup node 0 [mem 0x0000000000001000-0x000000003ffeffff]
[    0.000000] ACPI: PM-Timer IO Port: 04008
[    0.000000] IOAPIC[0]: apic_id 2, version 32, address 0xfec00000, GSI 0-23
[    0.000000] ACPI: INT_SRC_OV (us 0 bus_iq 0 global_irq 2 dfl dfl)
[   0.00000] ACPI: INT_SRC_OVR (bus 0 bus_irq 9 global_irq 9 low level)
[    0.000000] Using ACPI (MADT) for SMP configuration information
[    0.000000] smpboot: Allowing 2 CPUs, 0 hotplug CPUs
[    0.000000] PM: Registered nosave memory: [mem 0x00000000-0x00000fff]
[    0.000000] PM: Registered nosave memory: [mem 0x0009f000-0x0009ffff]
[    0.000000] PM: Registered nosave memory: [mem 0x000a0000-0x000effff]
[    0.000000] PM: Registered nosave memory: [mem 0x000f0000-0x000fffff]
[    0.000000] e820: [mem 0x40000000-0xfebfffff] available for PCI devices
[    0.000000] Booting paravirtualized kernel on KVM
[    0.000000] clocksource: refined-jiffies: mask: 0xffffffff max_cycles: 0xffffffff, max_idle_ns: 7645519600211568 ns
[    0.000000] setup_percpu: NR_CPUS:512 nr_cpumask_bits:512 nr_cpu_ids:2 nr_node_ids:1
[    0.000000] PERCPU: Embedded 33 pages/cpu @ffff88003fc00000 s98200 r8192 d28776 u1048576
[    0.000000] PV qspinlock hash table entries: 256 (order: 0, 4096 bytes)
[    0.000000] Built 1 zonelists in Node order, mobility grouping on.  Total pages: 257913
[    0.000000] Policy zone: DMA32
[    0.000000] Kernel command line: BOOT_IMAGE=/boot/vmlinuz-4.4.0-103-generic root=UUID=8a9a5d70-6967-47ce-94c1-225992142487 ro console=tty1 console=ttyS0
[    0.000000] PID hash table entries: 4096 (order: 3, 32768 bytes)
[    0.000000] Memory: 997344K/1048120K available (8485K kernel code, 1295K rwdata, 3988K rodata, 1492K init, 1316K bss, 50776K reserved, 0K cma-reserved)
[    0.000000] SLUB: HWalign=64, Order=0-3, MinObjects=0, CPUs=2, Nodes=1
[    0.000000] Hierarchical RCU implementation.
[    0.000000] 	Build-time adjustment of leaf fanout to 64.
[    0.000000] 	RCU restricting CPUs from NR_CPUS=512 to nr_cpu_ids=2.
[    0.000000] RCU: Adjusting geometry for rcu_fanout_leaf=64, nr_cpu_ids=2
[    0.000000] NR_IRQS:33024 nr_irqs:440 16
[    0.000000] Console: colour VGA+ 80x25
[    0.000000] console [tty1] enabled
[    0.000000] console [ttyS0] enabled
[    0.000000] tsc: Detected 2494.332 MHz processor
[    6.381741] Calibrating delay loop (skipped) preset value.. 4988.66 BogoMIPS (lpj=9977328)
[    6.383769] pid_max: default: 32768 minimum: 301
[    6.384872] ACPI: Core revision 20150930
[    6.386889] ACPI: 2 ACPI AML tables successfully acquired and loaded
[    6.388485] Security Framework initialized
[    6.389491] Yama: becoming mindful.
[    6.390398] AppArmor: AppArmor initialized
[    6.391475] Dentry cache hash table entries: 131072 (order: 8, 1048576 bytes)
[   393299] Inode-cache hash table entries: 65536 (order: 7, 524288 bytes)
[    6.464269] Mount-cache hash table entries: 2048 (order: 2, 16384 bytes)
[    6.496979] Mountpoint-cache hash table entries: 2048 (order: 2, 16384 bytes)
[    6.498695] Initializing cgroup subsys io
[    6.499695] Initializing cgroup subsys memory
[    6.500790] Initializing cgroup subsys devices
[    6.501871] Initializing cgroup subsys freezer
[    6.502931] Initializing cgroup subsys net_cls
[    6.504004] Initializing cgroup subsys perf_event
[    6.505117] Initializing cgroup subsys net_prio
[    6.506194] Initializing cgroup subsys hugetlb
[    6.507261] Initializing cgroup subsys pids
[    6.508390] CPU: Physical Processor ID: 0
[    6.516297] CPU: Processor Core ID: 0
[    6.528400] mce: CPU supports 0 MCE banks
[    6.529426] Last level iTLB entries: 4KB 512, 2MB 8, 4MB 8
[    6.530673] Last level dTLB entries: 4KB 512, 2MB 32, 4MB 32, 1GB 0
[    6.534159] Freeing SMP alternatives memory: 32K
[    6.544028] ftrace: allocating 32158 entries in 126 pages
[    6.615734] smpboot: APIC(0) Converting physical 0 to logical package 0
[    6.639247] smpboot: Max logical packages: 1
[    6.640562] x2apic enabled
[    6.641608] Switched APIC routing to physical x2apic.
[    6.660131] ..TIMER: vector=0x30 apic1=0 pin1=2 apic2=-1 pin2=-1
[    6.768337] smpboot: CPU0: Intel(R) Core(TM) i5-3210M CPU @ 2.50GHz (family: 0x6, model: 0x3a, stepping: 0x9)
[    6.791991] Performance Events: unsupported p6 CPU model 58 no PMU driver, software events only.
[    6.793692] KVM setup paravirtual spinlock
[    6.795151] x86: Booting SMP configuration:
[    6.864856] .... node  #0, CPUs:      #1
[    6.931530] kvm-clock: cpu 1, msr 0:3ffe3041, secondary cpu clock
[    7.112780] mce: CPU supports 0 MCE banks
[    7.162590] x86: Booted up 1 node, 2 CPUs
[    7.163756] smpboot: Total of 2 processors activated (9977.32 BogoMIPS)
[    7.165692] devtmpfs: initialized
[    7.226596] evm: security.selinux
[    7.326388] evm: security.SMACK64
[    7.422348] evm: security.SMACK64EXEC
[    7.525572] evm: security.SMACK64TRANSMUTE
[    7.604472] evm: security.SMACK64MMAP
[    7.645848] evm: security.ima
[    7.688202] evm: security.capability
[    7.737485] clocksource: jiffies: mask: 0xffffffff max_cycles: 0xffffffff, max_idle_ns: 7645041785100000 ns
[    7.883885] futex hash table entries: 512 (order: 3, 32768 bytes)
[    7.978203] pinctrl core: initialized pinctrl subsystem
[    8.065006] RTC time:  1:32:06, date: 12/14/17
[    8.154269] NET: Registered protocol family 16
[    8.216260] cpuidle: using governor ladder
[    8.256547] cpuidle: using governor menu
[    8.263676] PCCT header not found.
[    8.264483] ACPI: bus type PCI registered
[    8.265331] acpiphp: ACPI Hot Plug PCI Controller Driver version: 0.5
[    8.396870] PCI: Using configuration type 1 for base access
[    8.413588] ACPI: Added _OSI(Module Device)
[    8.461538] ACPI: Added _OSI(Processor Device)
[    8.593278] ACPI: Added _OSI(3.0 _SCP Extensions)
[    8.730196] ACPI: Added _OSI(Processor Aggregator Device)
[    8.889905] ACPI: Executed 1 blocks of module-level executable AML code
[    9.067865] ACPI: Interpreter enabled
[    9.162359] ACPI: (supports S0 S5)
[    9.204153] ACPI: Using IOAPIC for interrupt routing
[    9.263919] PCI: Using host bridge windows from ACPI; if necessary, use "pci=nocrs" and report a bug
[    9.342945] ACPI: PCI Root Bridge [PCI0] (domain 0000 [bus 00-ff])
[    9.345485] acpi PNP0A03:00: _OSC: OS supports [ASPM ClockPM Segments MSI]
[    9.352296] acpi PNP0A03:00: _OSC: not requesting OS control; OS requires [ExtendedConfig ASPM ClockPM MSI]
[    9.354511] acpi PNP0A03:00: fail to add MMCONFIG information, can't access extended PCI configuration space under this bridge.
[    9.357282] PCI host bridge to bus 0000:00
[    9.360610] pci_bus 0000:00: root bus resource [io  0x0000-0x0cf7 window]
[    9.367823] pci_bus 0000:00: root bus resource [io  0x0d00-0xffff window]
[    9.369333] pci_bus 0000:00: root bus resource [mem 0x000a0000-0x000bffff window]
[    9.377479] pci_bus 0000:00: root bus resource [mem 0x40000000-0xfdffffff window]
[    9.385754] pci_bus 0000:00: root bus resource [bus 00-ff]
[    9.388436] pci 0000:00:01.1: legacy IDE quirk: reg 0x10: [io  0x01f0-0x01f7]
[    9.392259] pci 0000:00:01.1: legacy IDE quirk: reg 0x14: [io  0x03f6]
[    9.393711] pci 0000:00:01.1: legacy IDE quirk: reg 0x18: [io  0x0170-0x0177]
[    9.395214] pci 0000:00:01.1: legacy IDE quirk: reg 0x1c: [io  0x0376]
[    9.421734] pci 0000:00:07.0: quirk: [io  0x4000-0x403f] claimed by PIIX4 ACPI
[    9.509757] pci 0000:00:07.0: quirk: [io  0x4100-0x410f] claimed by PIIX4 SMB
[    9.635619] ACPI: PCI Interrupt Link [LNKA] (IRQs 5 9 10 *11)
[    9.661638] ACPI: PCI Interrupt Link [LNKB] (IRQs 5 9 *10 11)
[    9.664903] ACPI: PCI Interrupt Link [LNKC] (IRQs 5 *9 10 11)
[    9.670954] ACPI: PCI Interrupt Link [LNKD] (IRQs 5 9 10 *11)
[    9.672758] ACPI: Enabled 2 GPEs in block 00 to 07
[    9.677840] vgaarb: setting as boot device: PCI:0000:00:02.0
[    9.687597] vgaarb: device added: PCI:0000:00:02.0,decodes=io+mem,owns=io+mem,locks=none
[    9.689532] vgaarb: loaded
[    9.691846] vgaarb: bridge control possible 0000:00:02.0
[    9.693327] SCSI subsystem initialized
[    9.702196] ACPI: bus type USB registered
[    9.713205] usbcore: registered new interface driver usbfs
[    9.721496] usbcore: registered new interface driver hub
[    9.722701] usbcore: registered new device driver usb
[    9.724069] PCI: Using ACPI for IRQ routing
[    9.728370] NetLabel: Initializing
[    9.729258] NetLabel:  domain hash size = 128
[    9.730275] NetLabel:  protocols = UNLABELED CIPSOv4
[    9.731416] NetLabel:  unlabeled traffic allowed by default
[    9.732823] amd_nb: Cannot enumerate AMD northbridges
[    9.738499] clocksource: Switched to clocksource kvm-clock
[    9.746797] AppArmor: AppArmor Filesystem Enabled
[   9.753300 pnp: PnP ACPI init
[   9.801389] pnpPnP ACPI: found 3 devices

[   9.880636] clocksource: acpi_pm: mask: 0xffffff max_cycles: 0xffffff, max_idle_ns: 2085701024 ns
[   9.907214] NET: Registered protocol family 2

[    9.932061] TCP established hash table entries: 8192 (order: 4, 65536 bytes)
[    9.938799] TCP bind hash table entries: 8192 (order: 5, 131072 bytes)
[    9.940199] TCP: Hash tables configured (established 8192 bind 8192)
[    9.941591] UDP hash table entries: 512 (order: 2, 16384 bytes)
[    9.942880] UDP-Lite hash table entries: 512 (order: 2, 16384 bytes)
[    9.944304] NET: Registered protocol faily 1
[   9.968589] pci 0000:00:00.0: Limiting direct PCI/PCI transfers
[   9911pc00:00:01.0: Activating ISA DMA hang workarounds
[ 103614Unckg itmf..
[   11.016698] Freeing initrd memory: 15228K
[   11.069347] RAPL PMU detected, API unit is 2^-32 Joules, 3 fixed counters 10737418240 ms ovfl timer
[   11.093349] hw unit of domain pp0-core 2^-0 Joules
[   11.094454] hw unit of domain package 2^-0 Joules
[   11.095571] hw unit of domain pp1-gpu 2^-0 Joules
[   11.096722] platform rtc_cmos: registered platform RTC device (no PNP device found)
[   11.152924] Scanning forrlow memory corruption every 60 seconds
[   11.188890] audit: initializing netlink subsys (disabled)
[[  11.262967] audit: type=2000 audit(1513215125.796:1): initialized
[   11.295098] Initialise system trusted keyring
[   11.320218] HugeTLB registered 2 MB page size, pre-allocated 0 pages
[   11.349951] zbud: loaded
[   11.350907] VFS: Disk quotas dquot_6.6.0
[   11.386950] VFS: Dquot-cache hash table entries: 512 (order 0, 4096 bytes)
[   11.458164] squashfs: version 4.0 (2009/01/31) Phillip Lougher
[   11.519395] fuse init (API version 7.23)
[   11.647735] Key type big_key registered
[   11.807472] Allocating IMA MOK and blacklist keyrings.
[   11.969625] Key type asymmetric registered
[   12.007567] Asymmetric key parser 'x509' registered
[   12.014281] Block layer SCSI generic (bsg) driver version 0.4 loaded (major 249)
[   12.016422] io scheduler noop registered
[   12.023404] io scheduler deadline registered (default)
[   12.024582] io scheduler cfq registered
[   12.025636] pci_hotplug: PCI Hot Plug PCI Core version: 0.5
[   12.026908] pciehp: PCI Express Hot Plug Controller Driver version: 0.4
[   12.028456] ACPI: AC Adapter [AC] (on-line)
[   12.036548] input: Power Button as /devices/LNXSYSTM:00/LNXPWRBN:00/input/input0
[   12.043611] ACPI: Power Button [PWRF]
[   12.044562] input: Sleep Button as /devices/LNXSYSTM:00/LNXSLPBN:00/input/input1
[   12.046306] ACPI: Sleep Button [SLPF]
[   12.047423] GHES: HEST is not enabled!
[   12.048007] ACPI: Battery Slot [BAT0] (battery present)
[   12.054889] Serial: 8250/16550 driver, 32 ports, IRQ sharing enabled
[   12.077977] 00:02: ttyS0 at I/O 0x3f8 (irq = 4, base_baud = 115200) is a 16550A
[   12.091965] Linux agpgart interface v0.103
[   12.099395] tsc: Refined TSC clocksource calibration: 2494.280 MHz
[   12.100748] clocksource: tsc: mask: 0xffffffffffffffff max_cycles: 0x23f41e572b3, max_idle_ns: 440795249888 ns
[   12.104883] loop: module loaded
[   12.111579] scsi host0: ata_piix
[   12.128370] scsi host1: ata_piix
[   12.132394] ata1: PATA max UDMA/33 cmd 0x1f0 ctl 0x3f6 bmdma 0xd000 irq 14
[   12.144448] ata2: PATA max UDMA/33 cmd 0x170 ctl 0x376 bmdma 0xd008 irq 15
[   12.156412] libphy: Fixed MDIO Bus: probed
[   12.160192] tun: Universal TUN/TAP device driver, 1.6
[   12.163084] tun: (C) 1999-2004 Max Krasnyansky <maxk@qualcomm.com>
[   12.164539] PPP generic driver version 2.4.2
[   12.165672] ehci_hcd: USB 2.0 'Enhanced' Host Controller (EHCI) Driver
[   12.167106] ehci-pci: EHCI PCI platform driver
[   12.168141] ehci-platform: EHCI generic platform driver
[   12.169327] ohci_hcd: USB 1.1 'Open' Host Controller (OHCI) Driver
[   12.170681] ohci-pci: OHCI PCI platform driver
[   12.171731] ohci-platform: OHCI generic platform driver
[   12.172918] uhci_hcd: USB Universal Host Controller Interface driver
[   12.174344] i8042: PNP: PS/2 Controller [PNP0303:PS2K,PNP0f03:PS2M] at 0x60,0x64 irq 1,12
[   12.176722] serio: i8042 KBD port at 0x60,0x64 irq 1
[   12.192103] serio: i8042 AUX port at 0x60,0x64 irq 12
[   12.196234] mousedev: PS/2 mouse device common for all mice
[   12.209097] input: AT Translated Set 2 keyboard as /devices/platform/i8042/serio0/input/input2
[   12.214832] rtc_cmos rtc_cmos: rtc core: registered rtc_cmos as rtc0
[   12.214894] rtc_cmos rtc_cmos: alarms up to one day, 114 bytes nvram
[   12.214900] i2c /dev entries driver
[   12.214959] device-mapper: uevent: version 1.0.3
[   12.215016] device-mapper: ioctl: 4.34.0-ioctl (2015-10-28) initialised: dm-devel@redhat.com
[   12.215033] ledtrig-cpu: registered to indicate activity on CPUs
[   12.218797] NET: Registered protocol family 10
[   12.218956] NET: Registered protocol family 17
[   12.218966] Key type dns_resolver registered
[   12.248244] microcode: CPU0 sig=0x306a9, pf=0x2, revision=0x19
[   12.248264] microcode: CPU1 sig=0x306a9, pf=0x2, revision=0x19
[   12.248324] microcode: Microcode Update Driver: v2.01 <tigran@aivazian.fsnet.co.uk>, Peter Oruba
[   12.248548] registered taskstats version 1
[   12.248572] Loading compiled-in X.509 certificates
[   12.249502] Loaded X.509 cert 'Build time autogenerated kernel key: 6495e09daeacef0cade9c1ea2246b74b6c79cd53'
[   12.249523] zswap: loaded using pool lzo/zbud
[   12.251493] Key type trusted registered
[   12.254483] Key type encrypted registered
[   12.254489] AppArmor: AppArmor sha1 policy hashing enabled
[   12.254493] ima: No TPM chip found, activating TPM-bypass!
[   12.254515] evm: HMAC attrs: 0x1
[   12.254852]   Magic number: 13:668:508
[   12.254875] pci 0000:00:01.0: hash matches
[   12.255357] rtc_cmos rtc_cmos: setting system clock to 2017-12-14 01:32:10 UTC (1513215130)
[   12.255459] BIOS EDD facility v0.16 2004-Jun-25, 0 devices found
[   12.255459] EDD information not available.
[   12.316276] Freeing unused kernel memory: 1492K
[   12.328385] Write protecting the kernel read-only data: 14336k
[   12.330759] Freeing unused kernel memory: 1744K
[   12.338350] Freeing unused kernel memory: 108K
Loading, please wait...
[   12.357202] random: systemd-udevd: uninitialized urandom read (16 bytes read, 2 bits of entropy available)
starting version 229
[   12.357986] random: udevadm: uninitialized urandom read (16 bytes read, 2 bits of entropy available)
[   12.358007] random: udevadm: uninitialized urandom read (16 bytes read, 2 bits of entropy available)
[   12.366829] random: udevadm: uninitialized urandom read (16 bytes read, 2 bits of entropy available)
[   12.366869] random: udevadm: uninitialized urandom read (16 bytes read, 2 bits of entropy available)
[   12.367001] random: udevadm: uninitialized urandom read (16 bytes read, 2 bits of entropy available)
[   12.367057] random: udevadm: uninitialized urandom read (16 bytes read, 2 bits of entropy available)
[   12.367108] random: udevadm: uninitialized urandom read (16 bytes read, 2 bits of entropy available)
[   12.367158] random: udevadm: uninitialized urandom read (16 bytes read, 2 bits of entropy available)
[   12.367211] random: udevadm: uninitialized urandom read (16 bytes read, 2 bits of entropy available)
[   12.959818] Fusion MPT base driver 3.04.20
[   13.016110] Copyright (c) 1999-2008 LSI Corporation
[   13.096900] e1000: Intel(R) PRO/1000 Network Driver - version 7.3.21-k8-NAPI
[   13.398405] e1000: Copyright (c) 1999-2006 Intel Corporation.
[   13.561083] Fusion MPT SPI Host driver 3.04.20
[   13.694266] AVX version of gcm_enc/dec engaged.
[   13.702882] AES CTR mode by8 optimization enabled
[   13.893088] input: ImExPS/2 Generic Explorer Mouse as /devices/platform/i8042/serio1/input/input4
[   14.019344] e1000 0000:00:03.0 eth0: (PCI:33MHz:32-bit) 08:00:27:e2:2a:9c
[   14.019349] e1000 0000:00:03.0 eth0: Intel(R) PRO/1000 Network Connection
[   14.377756] e1000 0000:00:08.0 eth1: (PCI:33MHz:32-bit) 08:00:27:ee:88:92
[   14.888126] e1000 0000:00:08.0 eth1: Intel(R) PRO/1000 Network Connection
[   14.890522] mptbase: ioc0: Initiating bringup
[   14.893214] e1000 0000:00:03.0 enp0s3: renamed from eth0
[   14.918765] e1000 0000:00:08.0 enp0s8: renamed from eth1
[   14.967198] ioc0: LSI53C1030 A0: Capabilities={Initiator}
[   15.607061] scsi host2: ioc0: LSI53C1030 A0, FwRev=00000000h, Ports=1, MaxQ=256, IRQ=20
[   16.681886] floppy0: no floppy controllers found
[   16.684716] scsi 2:0:0:0: Direct-Access     VBOX     HARDDISK         1.0  PQ: 0 ANSI: 5
[   16.684734] scsi target2:0:0: Beginning Domain Validation
[   16.687053] scsi target2:0:0: Domain Validation skipping write tests
[   16.687055] scsi target2:0:0: Ending Domain Validation
[   16.687166] scsi target2:0:0: asynchronous
[   16.687975] scsi 2:0:1:0: Direct-Access     VBOX     HARDDISK         1.0  PQ: 0 ANSI: 5
[   16.687984] scsi target2:0:1: Beginning Domain Validation
[   16.689565] scsi target2:0:1: Domain Validation skipping write tests
[   16.689566] scsi target2:0:1: Ending Domain Validation
[   16.689632] scsi target2:0:1: asynchronous
[   16.727054] sd 2:0:0:0: Attached scsi generic sg0 type 0
[   16.727253] sd 2:0:0:0: [sda] 20971520 512-byte logical blocks: (10.7 GB/10.0 GiB)
[   16.727824] sd 2:0:1:0: Attached scsi generic sg1 type 0
[   16.727853] sd 2:0:0:0: [sda] Write Protect is off
[   16.728019] sd 2:0:0:0: [sda] Incomplete mode parameter data
[   16.728020] sd 2:0:0:0: [sda] Assuming drive cache: write through
[   16.728112] sd 2:0:1:0: [sdb] 20480 512-byte logical blocks: (10.5 MB/10.0 MiB)
[   16.728453] sd 2:0:1:0: [sdb] Write Protect is off
[   16.728594] sd 2:0:1:0: [sdb] Incomplete mode parameter data
[   16.728595] sd 2:0:1:0: [sdb] Assuming drive cache: write through
[   16.738454]  sda: sda1
[   16.739135] sd 2:0:0:0: [sda] Attached SCSI disk
[   16.775949] sd 2:0:1:0: [sdb] Attached SCSI disk
Begin: Loading e[   18.348913] md: linear personality registered for level -1
ssential drivers[   18.480429] md: multipath personality registered for level -4
 ... [   18.860976] md: raid0 personality registered for level 0
[   18.873746] md: raid1 personality registered for level 1
[   18.950532] raid6: sse2x1   gen()  8291 MB/s
[   19.026293] raid6: sse2x1   xor()  6051 MB/s
[   19.138531] raid6: sse2x2   gen() 10318 MB/s
[   19.210533] raid6: sse2x2   xor()  7194 MB/s
[   19.282527] raid6: sse2x4   gen() 11871 MB/s
[   19.362527] raid6: sse2x4   xor()  8768 MB/s
[   19.367533] raid6: using algorithm sse2x4 gen() 11871 MB/s
[   19.368764] raid6: .... xor() 8768 MB/s, rmw enabled
[   19.369897] raid6: using ssse3x2 recovery algorithm
[   19.372598] xor: automatically using best checksumming function:
[   20.020593]    avx       : 42248.000 MB/sec
[   20.369468] async_tx: api initialized (async)
[   20.383950] md: raid6 personality registered for level 6
[   20.390470] md: raid5 personality registered for level 5
[   20.391701] md: raid4 personality registered for level 4
[   20.400024] md: raid10 personality registered for level 10
done.
Begin: Running /scripts/init-premount ... done.
Begin: Mounting root file system ... Begin: Running /scripts/local-top ... done.
Begin: Running[   20.958807] Btrfs loaded
 /scripts/local-premount ... Scanning for Btrfs filesystems
done.
Warning: fsck no[   21.287281] EXT4-fs (sda1): INFO: recovery required on readonly filesystem
t present, so sk[   21.411202] EXT4-fs (sda1): write access will be enabled during recovery
ipping root file system
[   21.797895] EXT4-fs (sda1): orphan cleanup on readonly fs
[   22.339096] EXT4-fs (sda1): 9 orphan inodes deleted
[   22.386975] EXT4-fs (sda1): recovery complete
[   22.464011] EXT4-fs (sda1): mounted filesystem with ordered data mode. Opts: (null)
done.
Begin: Running /scripts/local-bottom ... done.
Begin: Running /scripts/init-bottom ... done.
[   23.098906] random: nonblocking pool is initialized
[   23.930414] systemd[1]: systemd 229 running in system mode. (+PAM +AUDIT +SELINNX +IMA +APPARMOR +SMACK +SYSVINIT +UTMP +LIBCRYPTSETUP +GCRYPT +GNUTLS +ACL +XZ -LZ4 +SECCOMP +BLKID +ELFUTILS +KMOD -IDN)
[   24.172601] systemd[1]: Detected virtualization oracle.
[   24.272243] systemd[1]: Detected architecture x86-64.

Welcome to [1mUbuntu 16.04.3 LTS[0m!

[   24.403229] systemd[1]: Set hostname to <ubuntu-xenial>.
[   25.622328] systemd[1]: Listening on Device-mapper event daemon FIFOs.
[[0;32m  OK  [0m] Listening on Device-mapper event daemon FIFOs.
[   25.637996] systemd[1]: Set up automount Arbitrary Executable File Formats File System Automount Point.
[[0;32m  OK  [0m] Set up automount Arbitrary Executab...ats File System Automount Point.
[   25.651503] systemd[1]: Listening on LVM2 poll daemon socket.
[[0;32m  OK  [0m] Listening on LVM2 poll daemon socket.
[   25.659314] systemd[1]: Listening on Journal Socket (/dev/log).
[[0;32m  OK  [0m] Listening on Journal Socket (/dev/log).
[   25.674265] systemd[1]: Listening on udev Control Socket.
[[0;32m  OK  [0m] Listening on udev Control Socket.
[   25.687369] systemd[1]: Reached target Encrypted Volumes.
[[0;32m  OK  [0m] Reached target Encrypted Volumes.
[   25.695268] systemd[1]: Listening on udev Kernel Socket.
[[0;32m  OK  [0m] Listening on udev Kernel Socket.
[   25.706937] systemd[1]: Reached target Swap.
[[0;32m  OK  [0m] Reached target Swap.
[   25.717748] systemd[1]: Listening on Syslog Socket.
[[0;32m  OK  [0m] Listening on Syslog Socket.
[   25.724178] systemd[1]: Listening on LVM2 metadata daemon socket.
[[0;32m  OK  [0m] Listening on LVM2 metadata daemon socket.
[   25.734503] systemd[1]: Listening on Journal Audit Socket.
[[0;32m  OK  [0m] Listening on Journal Audit Socket.
[   25.739507] systemd[1]: Created slice System Slice.
[[0;32m  OK  [0m] Created slice System Slice.
[   25.745001] systemd[1]: Started Forward Password Requests to Wall Directory Watch.
[[0;32m  OK  [0m] Started Forward Password Requests to Wall Directory Watch.
[   25.750042] systemd[1]: Reached target User and Group Name Lookups.
[[0;32m  OK  [0m] Reached target User and Group Name Lookups.
[   25.763252] systemd[1]: Created slice system-serial\x2dgetty.slice.
[[0;32m  OK  [0m] Created slice system-serial\x2dgetty.slice.
[   25.891385] systemd[1]: Listening on Journal Socket.
[[0;32m  OK  [0m] Listening on Journal Socket.
[   25.967021] systemd[1]: Starting Set console keymap...
         Starting Set console keymap...
[   26.086856] systemd[1]: Mounting POSIX Message Queue File System...
         Mounting POSIX Message Queue File System...
[   26.125016] systemd[1]: Mounting Debug File System...
         Mounting Debug File System...
[   26.203222] systemd[1]: Starting Monitoring of LVM2 mirrors, snapshots etc. using dmeventd or progress polling...
         Starting Monitoring of LVM2 mirrors... dmeventd or progress polling...
[   26.243996] systemd[1]: Mounting Huge Pages File System...
         Mounting Huge Pages File System...
[   26.291953] systemd[1]: Starting Uncomplicated firewall...
         Starting Uncomplicated firewall...
[   26.693907] systemd[1]: Starting Create list of required static device nodes for the current kernel...
         Starting Create list of required st... nodes for the current kernel...
[   26.794857] systemd[1]: Starting Journal Service...
         Starting Journal Service...
[   27.007429] systemd[1]: Starting Remount Root and Kernel File Systems...
[   27.024563] EXT4-fs (sda1): re-mounted. Opts: (null)
         Starting Remount Root and Kernel File Systems...
[   27.262740] systemd[1]: Starting Nameserver information manager...
         Starting Nameserver information manager...
[   27.523021] systemd[1]: Starting Load Kernel Modules...
         Startin[   27.677815] Loading iSCSI transport class v2.0-870.
g Load Kernel Modules...
[   27.741205] iscsi: registered transport (tcp)
[   27.750962] systemd[1]: Started Trigger resolvconf update for networkd DNS.
[[0;32m  OK  [0m] Started Trigger resolvconf update for networkd DNS.
[   27.934911] systemd[1]: Listening on /dev/initctl Compatibility Named Pipe.
[[0;32m  OK  [0m] Listening on /dev/initctl Compatibility Named Pipe.
[   28.039134] systemd[1]: Created slice User and Session Slice.
[[0;32m  OK  [[   28.065412] iscsi: registered transport (iser)
0m] Created slice User and Session Slice.
[   28.079060] systemd[1]: Reached target Slices.
[[0;32m  OK  [0m] Reached target Slices.
[   28.207476] systemd[1]: Mounted POSIX Message Queue File System.
[[0;32m  OK  [0m] Mounted POSIX Message Queue File System.
[   28.237637] systemd[1]: Mounted Debug File System.
[[0;32m  OK  [0m] Mounted Debug File System.
[   28.320546] systemd[1]: Mounted Huge Pages File System.
[[0;32m  OK  [0m] Mounted Huge Pages File System.
[   28.779276] systemd[1]: Started Journal Service.
[[0;32m  OK  [0m] Started Journal Service.
[[0;32m  OK  [0m] Started Set console keymap.
[[0;32m  OK  [0m] Started Uncomplicated firewall.
[[0;32m  OK  [0m] Started Create list of required sta...ce nodes for the current kernel.
[[0;32m  OK  [0m] Started Remount Root and Kernel File Systems.
[[0;32m  OK  [0m] Started Load Kernel Modules.
[[0;32m  OK  [0m] Started Nameserver information manager.
[[0;32m  OK  [0m] Started LVM2 metadata daemon.
         Mounting FUSE Control File System...
         Starting Apply Kernel Variables...
         Starting udev Coldplug all Devices...
         Starting Initial cloud-init job (pre-networking)...
         Starting Load/Save Random Seed...
         Starting Create Static Device Nodes in /dev...
         Starting Flush Journal to Persistent Storage...
[[0;32m  OK  [0m] Mounted FUSE Control File System.
[[0;32m  OK  [0m] Started Load/Save Random Seed.
[[0;32m  OK  [0m] Started udev Coldplug all Devices.
[   29.587666] systemd-journald[399]: Received request to flush runtime journal from PID 1
[[0;32m  OK  [0m] Started Flush Journal to Persistent Storage.
[[0;32m  OK  [0m] Started Monitoring of LVM2 mirrors,...ng dmeventd or progress polling.
[[0;32m  OK  [0m] Started Apply Kernel Variables.
[[0;32m  OK  [0m] Started Create Static Device Nodes in /dev.
         Starting udev Kernel Device Manager...
[[0;32m  OK  [0m] Started udev Kernel Device Manager.
[[0;32m  OK  [0m] Reached target Local File Systems (Pre).
[[0;32m  OK  [0m] Reached target Local File Systems.
         Starting Create Volatile Files and Directories...
         Starting Set console font and keymap...
         Starting Tell Plymouth To Write Out Runtime Data...
         Starting LSB: AppArmor initialization...
[[0;32m  OK  [0m] Started Dispatch Password Requests to Console Directory Watch.
[[0;32m  OK  [0m] Found device /dev/ttyS0.
[[0;32m  OK  [0m] Started Tell Plymouth To Write Out Runtime Data.
[[0;32m  OK  [0m] Started Create Volatile Files and Directories.
[[0;32m  OK  [0m] Reached target System Time Synchronized.
         Starting Update UTMP about System Boot/Shutdown...
[[0;32m  OK  [0m] Started Update UTMP about System Boot/Shutdown.
[[0;32m  OK  [0m] Found device 82540EM Gigabit Ethern...r (PRO/1000 MT Desktop Adapter).
[[0;32m  OK  [0m] Found device 82540EM Gigabit Ethern...r (PRO/1000 MT Desktop Adapter).
[[0;32m  OK  [0m] Started Set console font and keymap.
[[0;32m  OK  [0m] Created slice system-getty.slice.
[[0;32m  OK  [0m] Listening on Load/Save RF Kill Switch Status /dev/rfkill Watch.
[[0;32m  OK  [0m] Started LSB: AppArmor initialization.
[   27.504923] cloud-init[446]: Cloud-init v. 17.1 running 'init-local' at Thu, 14 Dec 2017 01:32:34 +0000. Up 26.83 seconds.
[[0;32m  OK  [0m] Started Initial cloud-init job (pre-networking).
[[0;32m  OK  [0m] Reached target Network (Pre).
[[0;32m  OK  [0m] Started ifup for enp0s3.
         Starting Raise network interfaces...
[[0;32m  OK  [0m] Started ifup for enp0s8.
[[0;32m  OK  [0m] Started Raise network interfaces.
         Starting Initial cloud-init job (metadata service crawler)...
[[0;32m  OK  [0m] Reached target Network.
[   29.160757] cloud-init[1060]: Cloud-init v. 17.1 running 'init' at Thu, 14 Dec 2017 01:32:35 +0000. Up 28.25 seconds.
[   29.240801] cloud-init[1060]: ci-info: ++++++++++++++++++++++++++++++++++++++Net device info++++++++++++++++++++++++++++++++++++++
[[0;32m  OK  [0m] Started Initial cloud-init job (metadata service crawler).
[   29.241205] cloud-init[1060]: ci-info: +--------+------+-----------------------------+---------------+-------+-------------------+
[   29.284338] cloud-init[1060]: ci-info: | Device |  Up  |           Address           |      Mask     | Scope |     Hw-Address    |
[   29.284614] cloud-init[1060]: ci-info: +--------+------+-----------------------------+---------------+-------+-------------------+
[[0;32m  OK  [0m] Reached target System Initialization.
         [   29.284756] Starting Socket activation for snappy daemon.cloud-init
[1060]: ci-info: | enp0s3 | True |          10.0.2.15          | 255.255.255.0 |   .   | 08:00:27:e2:2a:9c |
[   29.309427] cloud-init[1060]: ci-info: | enp0s3 | True | fe80::a00:27ff:fee2:2a9c/64 |       .       |  link | 08:00:27:e2:2a:9c |
[   29.309689] cloud-init[1060]: ci-info: | enp0s8 | True |        192.168.33.30        | 255.255.255.0 |   .   | 08:00:27:ee:88:92 |
[[0;32m  OK  [0m] Listening on ACPID Listen Socket.
[   29.309872] cloud-init[1060]: ci-info: | enp0s8 | True | fe80::a00:27ff:feee:8892/64 |       .       |  link | 08:00:27:ee:88:92 |
[   29.320431] cloud-init[1060]: ci-info: |   lo   | True |          127.0.0.1          |   255.0.0.0   |   .   |         .         |
[   29.322897] cloud-init[1060]: ci-info: |   lo   | True |           ::1/128           |       .       |  host |         .         |
[   29.326375] cloud-init[1060]: ci-info: +--------+------+-----------------------------+---------------+-------+-------------------+
[   29.328764] cloud-init[1060]: ci-info: ++++++++++++++++++++++++++++Route IPv4 info++++++++++++++++++++++++++++
[   29.338476] cloud-init[1060]: ci-info: +-------+--------------+----------+---------------+-----------+-------+
[   29.338698] cloud-init[1060]: ci-info: | Route | Destination  | Gateway  |    Genmask    | Interface | Flags |
         Starting LXD - unix socket.
[   29.338885] cloud-init[1060]: ci-info: +-------+--------------+----------+---------------+-----------+-------+
[   29.347109] cloud-init[1060]: ci-info: |   0   |   0.0.0.0    | 10.0.2.2 |    0.0.0.0    |   enp0s3  |   UG  |
[[0;32m  OK  [0m] Listening on D-Bus System Message Bus Socket.
[   29.347368] cloud-init[1060]: ci-info: |   1   |   10.0.2.0   | 0.0.0.0  | 255.255.255.0 |   enp0s3  |   U   |
[   29.354151] cloud-init[1060]: ci-info: |   2   | 192.168.33.0 | 0.0.0.0  | 255.255.255.0 |   enp0s8  |   U   |
[[0;32m  OK  [0m] Listening on UUID daemon activation socket.
[   29.354428] cloud-init[1060]: ci-info: +-------+--------------+----------+---------------+-----------+-------+
[[0;32m  OK  [0m] Started Timer to automatically refresh installed snaps.
[[0;32m  OK  [0m] Started ACPI Events Check.
[[0;32m  OK  [0m] Reached target Paths.
[[0;32m  OK  [0m] Started Daily Cleanup of Temporary Directories.
[[0;32m  OK  [0m] Reached target Network is Online.
         Starting iSCSI initiator daemon (iscsid)...
[[0;32m  OK  [0m] Started Daily apt download activities.
[[0;32m  OK  [0m] Started Daily apt upgrade and clean activities.
[[0;32m  OK  [0m] Reached target Timers.
[[0;32m  OK  [0m] Reached target Cloud-config availability.
[[0;32m  OK  [0m] Listening on Socket activation for snappy daemon.
[[0;32m  OK  [0m] Listening on LXD - unix socket.
[[0;32m  OK  [0m] Reached target Sockets.
[[0;32m  OK  [0m] Reached target Basic System.
         Starting LSB: Record successful boot for GRUB...
         Starting /etc/rc.local Compatibility...
[[0;32m  OK  [0m] Started Deferred execution scheduler.
         Starting OpenBSD Secure Shell server...
[[0;32m  OK  [0m] Started D-Bus System Message Bus.
         Starting MySQL Community Server...
         Starting Login Service...
         Starting LSB: MD monitoring daemon...
[[0;32m  OK  [0m] Started FUSE filesystem for LXC.
         Starting LXD - container startup/shutdown...
[[0;32m  OK  [0m] Started ACPI event daemon.
[[0;32m  OK  [0m] Started Regular background program processing daemon.
         Starting Apply the settings specified in cloud-config...
         Starting Snappy daemon...
[[0;32m  OK  [0m] Started Unattended Upgrades Shutdown.
         Starting System Logging Service...
         Starting Accounts Service...
[[0;32m  OK  [0m] Started OpenBSD Secure Shell server.
[[0;32m  OK  [0m] Started iSCSI initiator daemon (iscsid).
[[0;32m  OK  [0m] Started /etc/rc.local Compatibility.
         Starting Login to default iSCSI targets...
[[0;32m  OK  [0m] Started Login Service.
[[0;32m  OK  [0m] Started LSB: Record successful boot for GRUB.
[[0;32m  OK  [0m] Started Login to default iSCSI targets.
[[0;32m  OK  [0m] Reached target Remote File Systems (Pre).
[[0;32m  OK  [0m] Reached target Remote File Systems.
[   31.159912] cloud-init[1158]: Cloud-init v. 17.1 running 'modules:config' at Thu, 14 Dec 2017 01:32:37 +0000. Up 30.52 seconds.
         Starting LSB: Set the CPU Frequency Scaling governor to "ondemand"...
         Starting LSB: VirtualBox Linux Additions...
         Starting LSB: Apache2 web server...
         Starting LSB: automatic crash report generation...
         Starting Permit User Sessions...
         Starting LSB: daemon to balance interrupts for SMP systems...
[[0;32m  OK  [0m] Started LSB: MD monitoring daemon.
[[0;32m  OK  [0m] Started Apply the settings specified in cloud-config.
[[0;32m  OK  [0m] Started LSB: Set the CPU Frequency Scaling governor to "ondemand".
[[0;32m  OK  [0m] Started System Logging Service.
[[0;32m  OK  [0m] Started Permit User Sessions.
         Starting Hold until boot process finishes up...
         Starting Terminate Plymouth Boot Screen...
[[0;32m  OK  [0m] Started Hold until boot process finishes up.
[[0;32m  OK  [0m] Started Terminate Plymouth Boot Screen.
[[0;32m  OK  [0m] Started Serial Getty on ttyS0.
         Starting Set console scheme...
[[0;32m  OK  [0m] Started Getty on tty1.
[[0;32m  OK  [0m] Reached target Login Prompts.
[[0;32m  OK  [0m] Started LSB: daemon to balance interrupts for SMP systems.
[[0;32m  OK  [0m] Started LSB: automatic crash report generation.
[[0;32m  OK  [0m] Started Set console scheme.
         Starting Authenticate and Authorize Users to Run Privileged Tasks...
[[0;32m  OK  [0m] Started LSB: VirtualBox Linux Additions.
[[0;32m  OK  [0m] Started Authenticate and Authorize Users to Run Privileged Tasks.
[[0;32m  OK  [0m] Started Accounts Service.
[[0;32m  OK  [0m] Started LXD - container startup/shutdown.
[[0;32m  OK  [0m] Created slice User Slice of ubuntu.
[[0;32m  OK  [0m] Started Session 1 of user ubuntu.
         Starting User Manager for UID 1000...
[[0;32m  OK  [0m] Started Snappy daemon.
[[0;32m  OK  [0m] Started User Manager for UID 1000.

Ubuntu 16.04.3 LTS ubuntu-xenial ttyS0

ubuntu-xenial login: [   43.046659] cloud-init[1568]: Cloud-init v. 17.1 running 'modules:final' at Thu, 14 Dec 2017 01:32:50 +0000. Up 42.69 seconds.
[   43.047156] cloud-init[1568]: Cloud-init v. 17.1 finished at Thu, 14 Dec 2017 01:32:50 +0000. Datasource DataSourceNoCloud [seed=/dev/sdb][dsmode=net].  Up 43.03 seconds
